<?xml version="1.0" encoding="UTF-8"?>
<testsuite xmlns:xsi="http://www.w3.org/2001/XMLSchema-instance" xsi:noNamespaceSchemaLocation="https://maven.apache.org/surefire/maven-surefire-plugin/xsd/surefire-test-report.xsd" name="TestSuite" time="30.168" tests="5" errors="0" skipped="1" failures="2">
  <properties>
    <property name="sun.desktop" value="windows"/>
    <property name="awt.toolkit" value="sun.awt.windows.WToolkit"/>
    <property name="file.encoding.pkg" value="sun.io"/>
    <property name="java.specification.version" value="1.8"/>
    <property name="sun.cpu.isalist" value="amd64"/>
    <property name="sun.jnu.encoding" value="Cp1252"/>
    <property name="java.class.path" value="C:\Users\vivth\pp\target\test-classes;C:\Users\vivth\pp\target\classes;C:\Users\vivth\.m2\repository\org\seleniumhq\selenium\selenium-java\3.14.0\selenium-java-3.14.0.jar;C:\Users\vivth\.m2\repository\org\seleniumhq\selenium\selenium-api\3.14.0\selenium-api-3.14.0.jar;C:\Users\vivth\.m2\repository\org\seleniumhq\selenium\selenium-chrome-driver\3.14.0\selenium-chrome-driver-3.14.0.jar;C:\Users\vivth\.m2\repository\org\seleniumhq\selenium\selenium-edge-driver\3.14.0\selenium-edge-driver-3.14.0.jar;C:\Users\vivth\.m2\repository\org\seleniumhq\selenium\selenium-firefox-driver\3.14.0\selenium-firefox-driver-3.14.0.jar;C:\Users\vivth\.m2\repository\org\seleniumhq\selenium\selenium-ie-driver\3.14.0\selenium-ie-driver-3.14.0.jar;C:\Users\vivth\.m2\repository\org\seleniumhq\selenium\selenium-opera-driver\3.14.0\selenium-opera-driver-3.14.0.jar;C:\Users\vivth\.m2\repository\org\seleniumhq\selenium\selenium-remote-driver\3.14.0\selenium-remote-driver-3.14.0.jar;C:\Users\vivth\.m2\repository\org\seleniumhq\selenium\selenium-safari-driver\3.14.0\selenium-safari-driver-3.14.0.jar;C:\Users\vivth\.m2\repository\org\seleniumhq\selenium\selenium-support\3.14.0\selenium-support-3.14.0.jar;C:\Users\vivth\.m2\repository\net\bytebuddy\byte-buddy\1.8.15\byte-buddy-1.8.15.jar;C:\Users\vivth\.m2\repository\org\apache\commons\commons-exec\1.3\commons-exec-1.3.jar;C:\Users\vivth\.m2\repository\commons-codec\commons-codec\1.10\commons-codec-1.10.jar;C:\Users\vivth\.m2\repository\commons-logging\commons-logging\1.2\commons-logging-1.2.jar;C:\Users\vivth\.m2\repository\com\google\guava\guava\25.0-jre\guava-25.0-jre.jar;C:\Users\vivth\.m2\repository\com\google\code\findbugs\jsr305\1.3.9\jsr305-1.3.9.jar;C:\Users\vivth\.m2\repository\org\checkerframework\checker-compat-qual\2.0.0\checker-compat-qual-2.0.0.jar;C:\Users\vivth\.m2\repository\com\google\errorprone\error_prone_annotations\2.1.3\error_prone_annotations-2.1.3.jar;C:\Users\vivth\.m2\repository\com\google\j2objc\j2objc-annotations\1.1\j2objc-annotations-1.1.jar;C:\Users\vivth\.m2\repository\org\codehaus\mojo\animal-sniffer-annotations\1.14\animal-sniffer-annotations-1.14.jar;C:\Users\vivth\.m2\repository\org\apache\httpcomponents\httpclient\4.5.5\httpclient-4.5.5.jar;C:\Users\vivth\.m2\repository\org\apache\httpcomponents\httpcore\4.4.9\httpcore-4.4.9.jar;C:\Users\vivth\.m2\repository\com\squareup\okhttp3\okhttp\3.10.0\okhttp-3.10.0.jar;C:\Users\vivth\.m2\repository\com\squareup\okio\okio\1.14.1\okio-1.14.1.jar;C:\Users\vivth\.m2\repository\org\testng\testng\6.14.3\testng-6.14.3.jar;C:\Users\vivth\.m2\repository\com\beust\jcommander\1.72\jcommander-1.72.jar;C:\Users\vivth\.m2\repository\org\apache-extras\beanshell\bsh\2.0b6\bsh-2.0b6.jar;C:\Users\vivth\.m2\repository\org\eclipse\jetty\jetty-maven-plugin\9.4.0.M0\jetty-maven-plugin-9.4.0.M0.jar;C:\Users\vivth\.m2\repository\org\apache\maven\maven-plugin-api\3.0.3\maven-plugin-api-3.0.3.jar;C:\Users\vivth\.m2\repository\org\apache\maven\maven-model\3.0.3\maven-model-3.0.3.jar;C:\Users\vivth\.m2\repository\org\sonatype\sisu\sisu-inject-plexus\2.1.1\sisu-inject-plexus-2.1.1.jar;C:\Users\vivth\.m2\repository\org\sonatype\sisu\sisu-inject-bean\2.1.1\sisu-inject-bean-2.1.1.jar;C:\Users\vivth\.m2\repository\org\sonatype\sisu\sisu-guice\2.9.4\sisu-guice-2.9.4-no_aop.jar;C:\Users\vivth\.m2\repository\org\apache\maven\maven-artifact\3.0.3\maven-artifact-3.0.3.jar;C:\Users\vivth\.m2\repository\org\codehaus\plexus\plexus-utils\2.0.6\plexus-utils-2.0.6.jar;C:\Users\vivth\.m2\repository\org\apache\maven\maven-core\3.0.3\maven-core-3.0.3.jar;C:\Users\vivth\.m2\repository\org\apache\maven\maven-settings\3.0.3\maven-settings-3.0.3.jar;C:\Users\vivth\.m2\repository\org\apache\maven\maven-settings-builder\3.0.3\maven-settings-builder-3.0.3.jar;C:\Users\vivth\.m2\repository\org\apache\maven\maven-repository-metadata\3.0.3\maven-repository-metadata-3.0.3.jar;C:\Users\vivth\.m2\repository\org\apache\maven\maven-model-builder\3.0.3\maven-model-builder-3.0.3.jar;C:\Users\vivth\.m2\repository\org\apache\maven\maven-aether-provider\3.0.3\maven-aether-provider-3.0.3.jar;C:\Users\vivth\.m2\repository\org\sonatype\aether\aether-spi\1.11\aether-spi-1.11.jar;C:\Users\vivth\.m2\repository\org\sonatype\aether\aether-impl\1.11\aether-impl-1.11.jar;C:\Users\vivth\.m2\repository\org\sonatype\aether\aether-api\1.11\aether-api-1.11.jar;C:\Users\vivth\.m2\repository\org\sonatype\aether\aether-util\1.11\aether-util-1.11.jar;C:\Users\vivth\.m2\repository\org\codehaus\plexus\plexus-interpolation\1.14\plexus-interpolation-1.14.jar;C:\Users\vivth\.m2\repository\org\codehaus\plexus\plexus-classworlds\2.4\plexus-classworlds-2.4.jar;C:\Users\vivth\.m2\repository\org\codehaus\plexus\plexus-component-annotations\1.5.5\plexus-component-annotations-1.5.5.jar;C:\Users\vivth\.m2\repository\org\sonatype\plexus\plexus-sec-dispatcher\1.3\plexus-sec-dispatcher-1.3.jar;C:\Users\vivth\.m2\repository\org\sonatype\plexus\plexus-cipher\1.4\plexus-cipher-1.4.jar;C:\Users\vivth\.m2\repository\org\apache\maven\plugin-tools\maven-plugin-tools-api\3.4\maven-plugin-tools-api-3.4.jar;C:\Users\vivth\.m2\repository\org\apache\maven\maven-project\2.2.1\maven-project-2.2.1.jar;C:\Users\vivth\.m2\repository\org\apache\maven\maven-profile\2.2.1\maven-profile-2.2.1.jar;C:\Users\vivth\.m2\repository\org\apache\maven\maven-artifact-manager\2.2.1\maven-artifact-manager-2.2.1.jar;C:\Users\vivth\.m2\repository\org\apache\maven\wagon\wagon-provider-api\1.0-beta-6\wagon-provider-api-1.0-beta-6.jar;C:\Users\vivth\.m2\repository\backport-util-concurrent\backport-util-concurrent\3.1\backport-util-concurrent-3.1.jar;C:\Users\vivth\.m2\repository\org\apache\maven\maven-plugin-registry\2.2.1\maven-plugin-registry-2.2.1.jar;C:\Users\vivth\.m2\repository\org\codehaus\plexus\plexus-container-default\1.0-alpha-9-stable-1\plexus-container-default-1.0-alpha-9-stable-1.jar;C:\Users\vivth\.m2\repository\classworlds\classworlds\1.1-alpha-2\classworlds-1.1-alpha-2.jar;C:\Users\vivth\.m2\repository\org\apache\maven\maven-plugin-descriptor\2.2.1\maven-plugin-descriptor-2.2.1.jar;C:\Users\vivth\.m2\repository\org\eclipse\jetty\jetty-util\9.4.0.M0\jetty-util-9.4.0.M0.jar;C:\Users\vivth\.m2\repository\org\eclipse\jetty\jetty-webapp\9.4.0.M0\jetty-webapp-9.4.0.M0.jar;C:\Users\vivth\.m2\repository\org\eclipse\jetty\jetty-xml\9.4.0.M0\jetty-xml-9.4.0.M0.jar;C:\Users\vivth\.m2\repository\org\eclipse\jetty\jetty-servlet\9.4.0.M0\jetty-servlet-9.4.0.M0.jar;C:\Users\vivth\.m2\repository\org\eclipse\jetty\jetty-quickstart\9.4.0.M0\jetty-quickstart-9.4.0.M0.jar;C:\Users\vivth\.m2\repository\org\eclipse\jetty\jetty-jaas\9.4.0.M0\jetty-jaas-9.4.0.M0.jar;C:\Users\vivth\.m2\repository\org\eclipse\jetty\jetty-security\9.4.0.M0\jetty-security-9.4.0.M0.jar;C:\Users\vivth\.m2\repository\org\eclipse\jetty\jetty-plus\9.4.0.M0\jetty-plus-9.4.0.M0.jar;C:\Users\vivth\.m2\repository\org\eclipse\jetty\jetty-jndi\9.4.0.M0\jetty-jndi-9.4.0.M0.jar;C:\Users\vivth\.m2\repository\org\eclipse\jetty\jetty-server\9.4.0.M0\jetty-server-9.4.0.M0.jar;C:\Users\vivth\.m2\repository\javax\servlet\javax.servlet-api\3.1.0\javax.servlet-api-3.1.0.jar;C:\Users\vivth\.m2\repository\org\eclipse\jetty\jetty-http\9.4.0.M0\jetty-http-9.4.0.M0.jar;C:\Users\vivth\.m2\repository\org\eclipse\jetty\jetty-io\9.4.0.M0\jetty-io-9.4.0.M0.jar;C:\Users\vivth\.m2\repository\org\eclipse\jetty\jetty-jmx\9.4.0.M0\jetty-jmx-9.4.0.M0.jar;C:\Users\vivth\.m2\repository\org\eclipse\jetty\jetty-annotations\9.4.0.M0\jetty-annotations-9.4.0.M0.jar;C:\Users\vivth\.m2\repository\javax\annotation\javax.annotation-api\1.2\javax.annotation-api-1.2.jar;C:\Users\vivth\.m2\repository\org\ow2\asm\asm\5.0.1\asm-5.0.1.jar;C:\Users\vivth\.m2\repository\org\ow2\asm\asm-commons\5.0.1\asm-commons-5.0.1.jar;C:\Users\vivth\.m2\repository\org\ow2\asm\asm-tree\5.0.1\asm-tree-5.0.1.jar;C:\Users\vivth\.m2\repository\org\eclipse\jetty\websocket\javax-websocket-server-impl\9.4.0.M0\javax-websocket-server-impl-9.4.0.M0.jar;C:\Users\vivth\.m2\repository\org\eclipse\jetty\websocket\javax-websocket-client-impl\9.4.0.M0\javax-websocket-client-impl-9.4.0.M0.jar;C:\Users\vivth\.m2\repository\javax\websocket\javax.websocket-api\1.0\javax.websocket-api-1.0.jar;C:\Users\vivth\.m2\repository\org\eclipse\jetty\websocket\websocket-server\9.4.0.M0\websocket-server-9.4.0.M0.jar;C:\Users\vivth\.m2\repository\org\eclipse\jetty\websocket\websocket-common\9.4.0.M0\websocket-common-9.4.0.M0.jar;C:\Users\vivth\.m2\repository\org\eclipse\jetty\websocket\websocket-api\9.4.0.M0\websocket-api-9.4.0.M0.jar;C:\Users\vivth\.m2\repository\org\eclipse\jetty\websocket\websocket-client\9.4.0.M0\websocket-client-9.4.0.M0.jar;C:\Users\vivth\.m2\repository\org\eclipse\jetty\websocket\websocket-servlet\9.4.0.M0\websocket-servlet-9.4.0.M0.jar;C:\Users\vivth\.m2\repository\org\eclipse\jetty\apache-jsp\9.4.0.M0\apache-jsp-9.4.0.M0.jar;C:\Users\vivth\.m2\repository\org\eclipse\jetty\toolchain\jetty-schemas\3.1\jetty-schemas-3.1.jar;C:\Users\vivth\.m2\repository\org\mortbay\jasper\apache-jsp\8.0.33\apache-jsp-8.0.33.jar;C:\Users\vivth\.m2\repository\org\mortbay\jasper\apache-el\8.0.33\apache-el-8.0.33.jar;C:\Users\vivth\.m2\repository\org\eclipse\jdt\core\compiler\ecj\4.4.2\ecj-4.4.2.jar;C:\Users\vivth\.m2\repository\org\eclipse\jetty\apache-jstl\9.4.0.M0\apache-jstl-9.4.0.M0.jar;C:\Users\vivth\.m2\repository\org\apache\taglibs\taglibs-standard-spec\1.2.5\taglibs-standard-spec-1.2.5.jar;C:\Users\vivth\.m2\repository\org\apache\taglibs\taglibs-standard-impl\1.2.5\taglibs-standard-impl-1.2.5.jar;C:\Users\vivth\.m2\repository\javax\transaction\javax.transaction-api\1.2\javax.transaction-api-1.2.jar;C:\Users\vivth\.m2\repository\io\qameta\allure\allure-testng\2.8.0\allure-testng-2.8.0.jar;C:\Users\vivth\.m2\repository\io\qameta\allure\allure-descriptions-javadoc\2.8.0\allure-descriptions-javadoc-2.8.0.jar;C:\Users\vivth\.m2\repository\commons-io\commons-io\2.6\commons-io-2.6.jar;C:\Users\vivth\.m2\repository\io\qameta\allure\allure-java-commons\2.8.0\allure-java-commons-2.8.0.jar;C:\Users\vivth\.m2\repository\io\qameta\allure\allure-model\2.8.0\allure-model-2.8.0.jar;C:\Users\vivth\.m2\repository\com\fasterxml\jackson\core\jackson-databind\2.9.7\jackson-databind-2.9.7.jar;C:\Users\vivth\.m2\repository\com\fasterxml\jackson\core\jackson-annotations\2.9.0\jackson-annotations-2.9.0.jar;C:\Users\vivth\.m2\repository\com\fasterxml\jackson\core\jackson-core\2.9.7\jackson-core-2.9.7.jar;C:\Users\vivth\.m2\repository\org\apache\tika\tika-core\1.19.1\tika-core-1.19.1.jar;C:\Users\vivth\.m2\repository\org\aspectj\aspectjrt\1.9.1\aspectjrt-1.9.1.jar;C:\Users\vivth\.m2\repository\org\jooq\joor-java-8\0.9.9\joor-java-8-0.9.9.jar;C:\Users\vivth\.m2\repository\org\slf4j\slf4j-api\1.7.25\slf4j-api-1.7.25.jar;C:\Users\vivth\.m2\repository\org\apache\maven\surefire\surefire-testng-utils\2.22.0\surefire-testng-utils-2.22.0.jar;C:\Users\vivth\.m2\repository\org\apache\maven\surefire\surefire-grouper\2.22.0\surefire-grouper-2.22.0.jar;"/>
    <property name="java.vm.vendor" value="Oracle Corporation"/>
    <property name="sun.arch.data.model" value="64"/>
    <property name="user.variant" value=""/>
    <property name="java.vendor.url" value="http://java.oracle.com/"/>
    <property name="user.timezone" value="America/New_York"/>
    <property name="java.vm.specification.version" value="1.8"/>
    <property name="os.name" value="Windows 10"/>
    <property name="user.country" value="CA"/>
    <property name="sun.java.launcher" value="SUN_STANDARD"/>
    <property name="sun.boot.library.path" value="C:\Program Files\Java\jdk1.8.0_191\jre\bin"/>
    <property name="sun.java.command" value="C:\Users\vivth\AppData\Local\Temp\surefire3962312580877762166\surefirebooter7840422984471979883.jar C:\Users\vivth\AppData\Local\Temp\surefire3962312580877762166 2019-02-21T15-45-11_127-jvmRun1 surefire3771270620923969337tmp surefire_08311812046016037233tmp"/>
    <property name="surefire.test.class.path" value="C:\Users\vivth\pp\target\test-classes;C:\Users\vivth\pp\target\classes;C:\Users\vivth\.m2\repository\org\seleniumhq\selenium\selenium-java\3.14.0\selenium-java-3.14.0.jar;C:\Users\vivth\.m2\repository\org\seleniumhq\selenium\selenium-api\3.14.0\selenium-api-3.14.0.jar;C:\Users\vivth\.m2\repository\org\seleniumhq\selenium\selenium-chrome-driver\3.14.0\selenium-chrome-driver-3.14.0.jar;C:\Users\vivth\.m2\repository\org\seleniumhq\selenium\selenium-edge-driver\3.14.0\selenium-edge-driver-3.14.0.jar;C:\Users\vivth\.m2\repository\org\seleniumhq\selenium\selenium-firefox-driver\3.14.0\selenium-firefox-driver-3.14.0.jar;C:\Users\vivth\.m2\repository\org\seleniumhq\selenium\selenium-ie-driver\3.14.0\selenium-ie-driver-3.14.0.jar;C:\Users\vivth\.m2\repository\org\seleniumhq\selenium\selenium-opera-driver\3.14.0\selenium-opera-driver-3.14.0.jar;C:\Users\vivth\.m2\repository\org\seleniumhq\selenium\selenium-remote-driver\3.14.0\selenium-remote-driver-3.14.0.jar;C:\Users\vivth\.m2\repository\org\seleniumhq\selenium\selenium-safari-driver\3.14.0\selenium-safari-driver-3.14.0.jar;C:\Users\vivth\.m2\repository\org\seleniumhq\selenium\selenium-support\3.14.0\selenium-support-3.14.0.jar;C:\Users\vivth\.m2\repository\net\bytebuddy\byte-buddy\1.8.15\byte-buddy-1.8.15.jar;C:\Users\vivth\.m2\repository\org\apache\commons\commons-exec\1.3\commons-exec-1.3.jar;C:\Users\vivth\.m2\repository\commons-codec\commons-codec\1.10\commons-codec-1.10.jar;C:\Users\vivth\.m2\repository\commons-logging\commons-logging\1.2\commons-logging-1.2.jar;C:\Users\vivth\.m2\repository\com\google\guava\guava\25.0-jre\guava-25.0-jre.jar;C:\Users\vivth\.m2\repository\com\google\code\findbugs\jsr305\1.3.9\jsr305-1.3.9.jar;C:\Users\vivth\.m2\repository\org\checkerframework\checker-compat-qual\2.0.0\checker-compat-qual-2.0.0.jar;C:\Users\vivth\.m2\repository\com\google\errorprone\error_prone_annotations\2.1.3\error_prone_annotations-2.1.3.jar;C:\Users\vivth\.m2\repository\com\google\j2objc\j2objc-annotations\1.1\j2objc-annotations-1.1.jar;C:\Users\vivth\.m2\repository\org\codehaus\mojo\animal-sniffer-annotations\1.14\animal-sniffer-annotations-1.14.jar;C:\Users\vivth\.m2\repository\org\apache\httpcomponents\httpclient\4.5.5\httpclient-4.5.5.jar;C:\Users\vivth\.m2\repository\org\apache\httpcomponents\httpcore\4.4.9\httpcore-4.4.9.jar;C:\Users\vivth\.m2\repository\com\squareup\okhttp3\okhttp\3.10.0\okhttp-3.10.0.jar;C:\Users\vivth\.m2\repository\com\squareup\okio\okio\1.14.1\okio-1.14.1.jar;C:\Users\vivth\.m2\repository\org\testng\testng\6.14.3\testng-6.14.3.jar;C:\Users\vivth\.m2\repository\com\beust\jcommander\1.72\jcommander-1.72.jar;C:\Users\vivth\.m2\repository\org\apache-extras\beanshell\bsh\2.0b6\bsh-2.0b6.jar;C:\Users\vivth\.m2\repository\org\eclipse\jetty\jetty-maven-plugin\9.4.0.M0\jetty-maven-plugin-9.4.0.M0.jar;C:\Users\vivth\.m2\repository\org\apache\maven\maven-plugin-api\3.0.3\maven-plugin-api-3.0.3.jar;C:\Users\vivth\.m2\repository\org\apache\maven\maven-model\3.0.3\maven-model-3.0.3.jar;C:\Users\vivth\.m2\repository\org\sonatype\sisu\sisu-inject-plexus\2.1.1\sisu-inject-plexus-2.1.1.jar;C:\Users\vivth\.m2\repository\org\sonatype\sisu\sisu-inject-bean\2.1.1\sisu-inject-bean-2.1.1.jar;C:\Users\vivth\.m2\repository\org\sonatype\sisu\sisu-guice\2.9.4\sisu-guice-2.9.4-no_aop.jar;C:\Users\vivth\.m2\repository\org\apache\maven\maven-artifact\3.0.3\maven-artifact-3.0.3.jar;C:\Users\vivth\.m2\repository\org\codehaus\plexus\plexus-utils\2.0.6\plexus-utils-2.0.6.jar;C:\Users\vivth\.m2\repository\org\apache\maven\maven-core\3.0.3\maven-core-3.0.3.jar;C:\Users\vivth\.m2\repository\org\apache\maven\maven-settings\3.0.3\maven-settings-3.0.3.jar;C:\Users\vivth\.m2\repository\org\apache\maven\maven-settings-builder\3.0.3\maven-settings-builder-3.0.3.jar;C:\Users\vivth\.m2\repository\org\apache\maven\maven-repository-metadata\3.0.3\maven-repository-metadata-3.0.3.jar;C:\Users\vivth\.m2\repository\org\apache\maven\maven-model-builder\3.0.3\maven-model-builder-3.0.3.jar;C:\Users\vivth\.m2\repository\org\apache\maven\maven-aether-provider\3.0.3\maven-aether-provider-3.0.3.jar;C:\Users\vivth\.m2\repository\org\sonatype\aether\aether-spi\1.11\aether-spi-1.11.jar;C:\Users\vivth\.m2\repository\org\sonatype\aether\aether-impl\1.11\aether-impl-1.11.jar;C:\Users\vivth\.m2\repository\org\sonatype\aether\aether-api\1.11\aether-api-1.11.jar;C:\Users\vivth\.m2\repository\org\sonatype\aether\aether-util\1.11\aether-util-1.11.jar;C:\Users\vivth\.m2\repository\org\codehaus\plexus\plexus-interpolation\1.14\plexus-interpolation-1.14.jar;C:\Users\vivth\.m2\repository\org\codehaus\plexus\plexus-classworlds\2.4\plexus-classworlds-2.4.jar;C:\Users\vivth\.m2\repository\org\codehaus\plexus\plexus-component-annotations\1.5.5\plexus-component-annotations-1.5.5.jar;C:\Users\vivth\.m2\repository\org\sonatype\plexus\plexus-sec-dispatcher\1.3\plexus-sec-dispatcher-1.3.jar;C:\Users\vivth\.m2\repository\org\sonatype\plexus\plexus-cipher\1.4\plexus-cipher-1.4.jar;C:\Users\vivth\.m2\repository\org\apache\maven\plugin-tools\maven-plugin-tools-api\3.4\maven-plugin-tools-api-3.4.jar;C:\Users\vivth\.m2\repository\org\apache\maven\maven-project\2.2.1\maven-project-2.2.1.jar;C:\Users\vivth\.m2\repository\org\apache\maven\maven-profile\2.2.1\maven-profile-2.2.1.jar;C:\Users\vivth\.m2\repository\org\apache\maven\maven-artifact-manager\2.2.1\maven-artifact-manager-2.2.1.jar;C:\Users\vivth\.m2\repository\org\apache\maven\wagon\wagon-provider-api\1.0-beta-6\wagon-provider-api-1.0-beta-6.jar;C:\Users\vivth\.m2\repository\backport-util-concurrent\backport-util-concurrent\3.1\backport-util-concurrent-3.1.jar;C:\Users\vivth\.m2\repository\org\apache\maven\maven-plugin-registry\2.2.1\maven-plugin-registry-2.2.1.jar;C:\Users\vivth\.m2\repository\org\codehaus\plexus\plexus-container-default\1.0-alpha-9-stable-1\plexus-container-default-1.0-alpha-9-stable-1.jar;C:\Users\vivth\.m2\repository\classworlds\classworlds\1.1-alpha-2\classworlds-1.1-alpha-2.jar;C:\Users\vivth\.m2\repository\org\apache\maven\maven-plugin-descriptor\2.2.1\maven-plugin-descriptor-2.2.1.jar;C:\Users\vivth\.m2\repository\org\eclipse\jetty\jetty-util\9.4.0.M0\jetty-util-9.4.0.M0.jar;C:\Users\vivth\.m2\repository\org\eclipse\jetty\jetty-webapp\9.4.0.M0\jetty-webapp-9.4.0.M0.jar;C:\Users\vivth\.m2\repository\org\eclipse\jetty\jetty-xml\9.4.0.M0\jetty-xml-9.4.0.M0.jar;C:\Users\vivth\.m2\repository\org\eclipse\jetty\jetty-servlet\9.4.0.M0\jetty-servlet-9.4.0.M0.jar;C:\Users\vivth\.m2\repository\org\eclipse\jetty\jetty-quickstart\9.4.0.M0\jetty-quickstart-9.4.0.M0.jar;C:\Users\vivth\.m2\repository\org\eclipse\jetty\jetty-jaas\9.4.0.M0\jetty-jaas-9.4.0.M0.jar;C:\Users\vivth\.m2\repository\org\eclipse\jetty\jetty-security\9.4.0.M0\jetty-security-9.4.0.M0.jar;C:\Users\vivth\.m2\repository\org\eclipse\jetty\jetty-plus\9.4.0.M0\jetty-plus-9.4.0.M0.jar;C:\Users\vivth\.m2\repository\org\eclipse\jetty\jetty-jndi\9.4.0.M0\jetty-jndi-9.4.0.M0.jar;C:\Users\vivth\.m2\repository\org\eclipse\jetty\jetty-server\9.4.0.M0\jetty-server-9.4.0.M0.jar;C:\Users\vivth\.m2\repository\javax\servlet\javax.servlet-api\3.1.0\javax.servlet-api-3.1.0.jar;C:\Users\vivth\.m2\repository\org\eclipse\jetty\jetty-http\9.4.0.M0\jetty-http-9.4.0.M0.jar;C:\Users\vivth\.m2\repository\org\eclipse\jetty\jetty-io\9.4.0.M0\jetty-io-9.4.0.M0.jar;C:\Users\vivth\.m2\repository\org\eclipse\jetty\jetty-jmx\9.4.0.M0\jetty-jmx-9.4.0.M0.jar;C:\Users\vivth\.m2\repository\org\eclipse\jetty\jetty-annotations\9.4.0.M0\jetty-annotations-9.4.0.M0.jar;C:\Users\vivth\.m2\repository\javax\annotation\javax.annotation-api\1.2\javax.annotation-api-1.2.jar;C:\Users\vivth\.m2\repository\org\ow2\asm\asm\5.0.1\asm-5.0.1.jar;C:\Users\vivth\.m2\repository\org\ow2\asm\asm-commons\5.0.1\asm-commons-5.0.1.jar;C:\Users\vivth\.m2\repository\org\ow2\asm\asm-tree\5.0.1\asm-tree-5.0.1.jar;C:\Users\vivth\.m2\repository\org\eclipse\jetty\websocket\javax-websocket-server-impl\9.4.0.M0\javax-websocket-server-impl-9.4.0.M0.jar;C:\Users\vivth\.m2\repository\org\eclipse\jetty\websocket\javax-websocket-client-impl\9.4.0.M0\javax-websocket-client-impl-9.4.0.M0.jar;C:\Users\vivth\.m2\repository\javax\websocket\javax.websocket-api\1.0\javax.websocket-api-1.0.jar;C:\Users\vivth\.m2\repository\org\eclipse\jetty\websocket\websocket-server\9.4.0.M0\websocket-server-9.4.0.M0.jar;C:\Users\vivth\.m2\repository\org\eclipse\jetty\websocket\websocket-common\9.4.0.M0\websocket-common-9.4.0.M0.jar;C:\Users\vivth\.m2\repository\org\eclipse\jetty\websocket\websocket-api\9.4.0.M0\websocket-api-9.4.0.M0.jar;C:\Users\vivth\.m2\repository\org\eclipse\jetty\websocket\websocket-client\9.4.0.M0\websocket-client-9.4.0.M0.jar;C:\Users\vivth\.m2\repository\org\eclipse\jetty\websocket\websocket-servlet\9.4.0.M0\websocket-servlet-9.4.0.M0.jar;C:\Users\vivth\.m2\repository\org\eclipse\jetty\apache-jsp\9.4.0.M0\apache-jsp-9.4.0.M0.jar;C:\Users\vivth\.m2\repository\org\eclipse\jetty\toolchain\jetty-schemas\3.1\jetty-schemas-3.1.jar;C:\Users\vivth\.m2\repository\org\mortbay\jasper\apache-jsp\8.0.33\apache-jsp-8.0.33.jar;C:\Users\vivth\.m2\repository\org\mortbay\jasper\apache-el\8.0.33\apache-el-8.0.33.jar;C:\Users\vivth\.m2\repository\org\eclipse\jdt\core\compiler\ecj\4.4.2\ecj-4.4.2.jar;C:\Users\vivth\.m2\repository\org\eclipse\jetty\apache-jstl\9.4.0.M0\apache-jstl-9.4.0.M0.jar;C:\Users\vivth\.m2\repository\org\apache\taglibs\taglibs-standard-spec\1.2.5\taglibs-standard-spec-1.2.5.jar;C:\Users\vivth\.m2\repository\org\apache\taglibs\taglibs-standard-impl\1.2.5\taglibs-standard-impl-1.2.5.jar;C:\Users\vivth\.m2\repository\javax\transaction\javax.transaction-api\1.2\javax.transaction-api-1.2.jar;C:\Users\vivth\.m2\repository\io\qameta\allure\allure-testng\2.8.0\allure-testng-2.8.0.jar;C:\Users\vivth\.m2\repository\io\qameta\allure\allure-descriptions-javadoc\2.8.0\allure-descriptions-javadoc-2.8.0.jar;C:\Users\vivth\.m2\repository\commons-io\commons-io\2.6\commons-io-2.6.jar;C:\Users\vivth\.m2\repository\io\qameta\allure\allure-java-commons\2.8.0\allure-java-commons-2.8.0.jar;C:\Users\vivth\.m2\repository\io\qameta\allure\allure-model\2.8.0\allure-model-2.8.0.jar;C:\Users\vivth\.m2\repository\com\fasterxml\jackson\core\jackson-databind\2.9.7\jackson-databind-2.9.7.jar;C:\Users\vivth\.m2\repository\com\fasterxml\jackson\core\jackson-annotations\2.9.0\jackson-annotations-2.9.0.jar;C:\Users\vivth\.m2\repository\com\fasterxml\jackson\core\jackson-core\2.9.7\jackson-core-2.9.7.jar;C:\Users\vivth\.m2\repository\org\apache\tika\tika-core\1.19.1\tika-core-1.19.1.jar;C:\Users\vivth\.m2\repository\org\aspectj\aspectjrt\1.9.1\aspectjrt-1.9.1.jar;C:\Users\vivth\.m2\repository\org\jooq\joor-java-8\0.9.9\joor-java-8-0.9.9.jar;C:\Users\vivth\.m2\repository\org\slf4j\slf4j-api\1.7.25\slf4j-api-1.7.25.jar;C:\Users\vivth\.m2\repository\org\apache\maven\surefire\surefire-testng-utils\2.22.0\surefire-testng-utils-2.22.0.jar;C:\Users\vivth\.m2\repository\org\apache\maven\surefire\surefire-grouper\2.22.0\surefire-grouper-2.22.0.jar;"/>
    <property name="sun.cpu.endian" value="little"/>
    <property name="user.home" value="C:\Users\vivth"/>
    <property name="user.language" value="en"/>
    <property name="java.specification.vendor" value="Oracle Corporation"/>
    <property name="java.home" value="C:\Program Files\Java\jdk1.8.0_191\jre"/>
    <property name="basedir" value="C:\Users\vivth\pp"/>
    <property name="file.separator" value="\"/>
    <property name="line.separator" value="&#10;"/>
    <property name="java.vm.specification.vendor" value="Oracle Corporation"/>
    <property name="java.specification.name" value="Java Platform API Specification"/>
    <property name="java.awt.graphicsenv" value="sun.awt.Win32GraphicsEnvironment"/>
    <property name="surefire.real.class.path" value="C:\Users\vivth\AppData\Local\Temp\surefire3962312580877762166\surefirebooter7840422984471979883.jar"/>
    <property name="sun.boot.class.path" value="C:\Program Files\Java\jdk1.8.0_191\jre\lib\resources.jar;C:\Program Files\Java\jdk1.8.0_191\jre\lib\rt.jar;C:\Program Files\Java\jdk1.8.0_191\jre\lib\sunrsasign.jar;C:\Program Files\Java\jdk1.8.0_191\jre\lib\jsse.jar;C:\Program Files\Java\jdk1.8.0_191\jre\lib\jce.jar;C:\Program Files\Java\jdk1.8.0_191\jre\lib\charsets.jar;C:\Program Files\Java\jdk1.8.0_191\jre\lib\jfr.jar;C:\Program Files\Java\jdk1.8.0_191\jre\classes"/>
    <property name="user.script" value=""/>
    <property name="sun.management.compiler" value="HotSpot 64-Bit Tiered Compilers"/>
    <property name="java.runtime.version" value="1.8.0_191-b12"/>
    <property name="user.name" value="vivth"/>
    <property name="path.separator" value=";"/>
    <property name="os.version" value="10.0"/>
    <property name="java.endorsed.dirs" value="C:\Program Files\Java\jdk1.8.0_191\jre\lib\endorsed"/>
    <property name="java.runtime.name" value="Java(TM) SE Runtime Environment"/>
    <property name="file.encoding" value="Cp1252"/>
    <property name="java.vm.name" value="Java HotSpot(TM) 64-Bit Server VM"/>
    <property name="localRepository" value="C:\Users\vivth\.m2\repository"/>
    <property name="java.vendor.url.bug" value="http://bugreport.sun.com/bugreport/"/>
    <property name="java.io.tmpdir" value="C:\Users\vivth\AppData\Local\Temp\"/>
    <property name="java.version" value="1.8.0_191"/>
    <property name="user.dir" value="C:\Users\vivth\pp"/>
    <property name="os.arch" value="amd64"/>
    <property name="java.vm.specification.name" value="Java Virtual Machine Specification"/>
    <property name="java.awt.printerjob" value="sun.awt.windows.WPrinterJob"/>
    <property name="sun.os.patch.level" value=""/>
    <property name="java.library.path" value="C:\Program Files\Java\jdk1.8.0_191\jre\bin;C:\WINDOWS\Sun\Java\bin;C:\WINDOWS\system32;C:\WINDOWS;C:\Program Files\allure-commandline-2.8.0\allure-2.8.0\bin;C:\Program Files\Git\cmd;C:\Users\vivth\AppData\Local\Microsoft\WindowsApps;B:\maven\apache-maven-3.6.0-bin\apache-maven-3.6.0\bin;C:\Users\vivth\AppData\Local\GitHubDesktop\bin;."/>
    <property name="java.vm.info" value="mixed mode"/>
    <property name="java.vendor" value="Oracle Corporation"/>
    <property name="java.vm.version" value="25.191-b12"/>
    <property name="java.ext.dirs" value="C:\Program Files\Java\jdk1.8.0_191\jre\lib\ext;C:\WINDOWS\Sun\Java\lib\ext"/>
    <property name="sun.io.unicode.encoding" value="UnicodeLittle"/>
    <property name="java.class.version" value="52.0"/>
  </properties>
  <testcase name="verifySuccessfulLogin" classname="app.pp.HomepageTest" time="0.216"/>
  <testcase name="verifyPagetitle" classname="app.pp.SignInTest" time="0.87">
    <failure message="expected [CA Agile Central Login] but found [CA Agile Central]" type="java.lang.AssertionError">java.lang.AssertionError: expected [CA Agile Central Login] but found [CA Agile Central]
	at app.pp.SignInTest.verifyPagetitle(SignInTest.java:37)
</failure>
  </testcase>
  <testcase name="clickMenubutton" classname="app.pp.TeamPlanningTest" time="1.199"/>
  <testcase name="shutDownPage" classname="app.pp.HomepageTest" time="3.594">
    <failure message="invalid session id&#10;  (Driver info: chromedriver=2.45.615291 (ec3682e3c9061c10f26ea9e5cdcf3c53f3f74387),platform=Windows NT 10.0.17134 x86_64) (WARNING: The server did not provide any stacktrace information)&#10;Command duration or timeout: 0 milliseconds&#10;Build info: version: &apos;3.14.0&apos;, revision: &apos;aacccce0&apos;, time: &apos;2018-08-02T20:19:58.91Z&apos;&#10;System info: host: &apos;LAPTOP-3M5A5R3N&apos;, ip: &apos;192.168.2.20&apos;, os.name: &apos;Windows 10&apos;, os.arch: &apos;amd64&apos;, os.version: &apos;10.0&apos;, java.version: &apos;1.8.0_191&apos;&#10;Driver info: org.openqa.selenium.chrome.ChromeDriver&#10;Capabilities {acceptInsecureCerts: false, acceptSslCerts: false, applicationCacheEnabled: false, browserConnectionEnabled: false, browserName: chrome, chrome: {chromedriverVersion: 2.45.615291 (ec3682e3c9061c..., userDataDir: C:\Users\vivth\AppData\Loca...}, cssSelectorsEnabled: true, databaseEnabled: false, goog:chromeOptions: {debuggerAddress: localhost:53446}, handlesAlerts: true, hasTouchScreen: false, javascriptEnabled: true, locationContextEnabled: true, mobileEmulationEnabled: false, nativeEvents: true, networkConnectionEnabled: false, pageLoadStrategy: normal, platform: XP, platformName: XP, proxy: Proxy(), rotatable: false, setWindowRect: true, strictFileInteractability: false, takesHeapSnapshot: true, takesScreenshot: true, timeouts: {implicit: 0, pageLoad: 300000, script: 30000}, unexpectedAlertBehaviour: ignore, unhandledPromptBehavior: ignore, version: 72.0.3626.109, webStorageEnabled: true}&#10;Session ID: d6e75f0e08d56cbf154927ce74b2c7bc" type="org.openqa.selenium.NoSuchSessionException">org.openqa.selenium.NoSuchSessionException: 
invalid session id
  (Driver info: chromedriver=2.45.615291 (ec3682e3c9061c10f26ea9e5cdcf3c53f3f74387),platform=Windows NT 10.0.17134 x86_64) (WARNING: The server did not provide any stacktrace information)
Command duration or timeout: 0 milliseconds
Build info: version: '3.14.0', revision: 'aacccce0', time: '2018-08-02T20:19:58.91Z'
System info: host: 'LAPTOP-3M5A5R3N', ip: '192.168.2.20', os.name: 'Windows 10', os.arch: 'amd64', os.version: '10.0', java.version: '1.8.0_191'
Driver info: org.openqa.selenium.chrome.ChromeDriver
Capabilities {acceptInsecureCerts: false, acceptSslCerts: false, applicationCacheEnabled: false, browserConnectionEnabled: false, browserName: chrome, chrome: {chromedriverVersion: 2.45.615291 (ec3682e3c9061c..., userDataDir: C:\Users\vivth\AppData\Loca...}, cssSelectorsEnabled: true, databaseEnabled: false, goog:chromeOptions: {debuggerAddress: localhost:53446}, handlesAlerts: true, hasTouchScreen: false, javascriptEnabled: true, locationContextEnabled: true, mobileEmulationEnabled: false, nativeEvents: true, networkConnectionEnabled: false, pageLoadStrategy: normal, platform: XP, platformName: XP, proxy: Proxy(), rotatable: false, setWindowRect: true, strictFileInteractability: false, takesHeapSnapshot: true, takesScreenshot: true, timeouts: {implicit: 0, pageLoad: 300000, script: 30000}, unexpectedAlertBehaviour: ignore, unhandledPromptBehavior: ignore, version: 72.0.3626.109, webStorageEnabled: true}
Session ID: d6e75f0e08d56cbf154927ce74b2c7bc
</failure>
  </testcase>
  <testcase name="shutDownPage" classname="app.pp.HomepageTest" time="0">
    <skipped/>
  </testcase>
</testsuite>