<?xml version="1.0" encoding="UTF-8"?>
<!-- Generated by org.testng.reporters.JUnitReportReporter -->
<testsuite skipped="1" hostname="LAPTOP-3M5A5R3N" name="app.pp.HomepageTest" tests="7" failures="0" timestamp="21 Feb 2019 21:55:15 GMT" time="5.144" errors="0">
  <testcase name="verifySuccessfulLogin" time="0.751" classname="app.pp.HomepageTest"/>
  <testcase name="isInviteuserButtonseen" time="0.031" classname="app.pp.HomepageTest"/>
  <testcase name="isMenubuttonClicked" time="4.217" classname="app.pp.HomepageTest"/>
  <testcase name="isHelpbuttonDisplayed" time="0.049" classname="app.pp.HomepageTest"/>
  <testcase name="isSettingimageButtonDisplayed" time="0.047" classname="app.pp.HomepageTest"/>
  <testcase name="isPinbuttonDisplayed" time="0.049" classname="app.pp.HomepageTest"/>
  <testcase name="verifyText" classname="app.pp.HomepageTest">
    <skipped/>
  </testcase> <!-- verifyText -->
</testsuite> <!-- app.pp.HomepageTest -->
