<?xml version="1.0" encoding="UTF-8"?>
<!-- Generated by org.testng.reporters.JUnitReportReporter -->
<testsuite skipped="0" hostname="LAPTOP-3M5A5R3N" name="app.pp.HomepageTest" tests="1" failures="0" timestamp="21 Feb 2019 20:45:44 GMT" time="0.136" errors="0">
  <testcase name="verifySuccessfulLogin" time="0.136" classname="app.pp.HomepageTest"/>
</testsuite> <!-- app.pp.HomepageTest -->
